Begin session: 
<<<<<<< HEAD
Enter the login type: 
Enter command: 
Enter the service number to be deleted:
Enter the name of the service to be deleted:

Enter command: 
Enter a service number: 
Invalid service number
Enter command: 
=======
Login before doing any commands: 
Login before doing any commands: 
Login before doing any commands: 
Login before doing any commands: 
Login before doing any commands: 
Login before doing any commands: 
Login before doing any commands: 
Login before doing any commands: 
>>>>>>> 2db1de9dba6e6f63b19a26927a8d4f0f52c9af92
